<?xml version="1.0" encoding="UTF-8"?>
<testng-results skipped="0" failed="0" ignored="0" total="4" passed="4">
  <reporter-output>
  </reporter-output>
  <suite name="Default suite" duration-ms="46386" started-at="2020-12-12T12:46:40Z" finished-at="2020-12-12T12:47:26Z">
    <groups>
    </groups>
    <test name="Default test" duration-ms="46386" started-at="2020-12-12T12:46:40Z" finished-at="2020-12-12T12:47:26Z">
      <class name="testNGlearning.TestParameterization">
        <test-method status="PASS" signature="setUp()[pri:0, instance:testNGlearning.TestParameterization@7085bdee]" name="setUp" is-config="true" duration-ms="29311" started-at="2020-12-12T12:46:40Z" finished-at="2020-12-12T12:47:09Z">
          <reporter-output>
          </reporter-output>
        </test-method> <!-- setUp -->
        <test-method status="PASS" signature="doLogin(java.lang.String, java.lang.String)[pri:0, instance:testNGlearning.TestParameterization@7085bdee]" name="doLogin" duration-ms="11023" started-at="2020-12-12T12:47:11Z" data-provider="dp" finished-at="2020-12-12T12:47:22Z">
          <params>
            <param index="0">
              <value>
                <![CDATA[pyush1811@gmail.com]]>
              </value>
            </param>
            <param index="1">
              <value>
                <![CDATA[ababab]]>
              </value>
            </param>
          </params>
          <reporter-output>
          </reporter-output>
        </test-method> <!-- doLogin -->
        <test-method status="PASS" signature="doLogin(java.lang.String, java.lang.String)[pri:0, instance:testNGlearning.TestParameterization@7085bdee]" name="doLogin" duration-ms="1406" started-at="2020-12-12T12:47:22Z" data-provider="dp" finished-at="2020-12-12T12:47:23Z">
          <params>
            <param index="0">
              <value>
                <![CDATA[piyush.tamrakar93@gmail.com]]>
              </value>
            </param>
            <param index="1">
              <value>
                <![CDATA[xyzxyz]]>
              </value>
            </param>
          </params>
          <reporter-output>
          </reporter-output>
        </test-method> <!-- doLogin -->
        <test-method status="PASS" signature="doLogin(java.lang.String, java.lang.String)[pri:0, instance:testNGlearning.TestParameterization@7085bdee]" name="doLogin" duration-ms="1232" started-at="2020-12-12T12:47:23Z" data-provider="dp" finished-at="2020-12-12T12:47:24Z">
          <params>
            <param index="0">
              <value>
                <![CDATA[piyush.tamrakar@inspopindia.com]]>
              </value>
            </param>
            <param index="1">
              <value>
                <![CDATA[ijkijk]]>
              </value>
            </param>
          </params>
          <reporter-output>
          </reporter-output>
        </test-method> <!-- doLogin -->
        <test-method status="PASS" signature="doLogin(java.lang.String, java.lang.String)[pri:0, instance:testNGlearning.TestParameterization@7085bdee]" name="doLogin" duration-ms="1035" started-at="2020-12-12T12:47:24Z" data-provider="dp" finished-at="2020-12-12T12:47:25Z">
          <params>
            <param index="0">
              <value>
                <![CDATA[piyu12@gmail.com]]>
              </value>
            </param>
            <param index="1">
              <value>
                <![CDATA[121213.0]]>
              </value>
            </param>
          </params>
          <reporter-output>
          </reporter-output>
        </test-method> <!-- doLogin -->
        <test-method status="PASS" signature="tearDown()[pri:0, instance:testNGlearning.TestParameterization@7085bdee]" name="tearDown" is-config="true" duration-ms="1131" started-at="2020-12-12T12:47:25Z" finished-at="2020-12-12T12:47:26Z">
          <reporter-output>
          </reporter-output>
        </test-method> <!-- tearDown -->
      </class> <!-- testNGlearning.TestParameterization -->
    </test> <!-- Default test -->
  </suite> <!-- Default suite -->
</testng-results>
