<?xml version="1.0" encoding="UTF-8"?>
<!-- Generated by org.testng.reporters.JUnitXMLReporter -->
<testsuite hostname="AT-ESLap12" ignored="0" name="Dependency Test" tests="2" failures="1" timestamp="21 Nov 2020 14:35:02 GMT" time="0.022" errors="0">
  <testcase name="registerUser" time="0.002" classname="testNGlearning.TestCase3">
    <failure type="java.lang.AssertionError" message="Submit button is missing">
      <![CDATA[java.lang.AssertionError: Submit button is missing
at testNGlearning.TestCase3.registerUser(TestCase3.java:13)
... Removed 26 stack frames]]>
    </failure>
  </testcase> <!-- registerUser -->
  <testcase name="doLogin" time="0.0" classname="testNGlearning.TestCase3">
    <skipped/>
  </testcase> <!-- doLogin -->
</testsuite> <!-- Dependency Test -->
